<?xml version="1.0" encoding="UTF-8"?>
<!-- Generated by org.testng.reporters.JUnitReportReporter -->
<testsuite hostname="DESKTOP-KLEJECR" failures="0" tests="1" name="mavenPractice.Youtube" time="113.170" errors="0" timestamp="2022-08-21T16:09:32 IST" skipped="0">
  <testcase classname="mavenPractice.Youtube" name="open" time="113.170"/>
  <system-out/>
</testsuite> <!-- mavenPractice.Youtube -->
